2026-01-08 16:20:18,666 - INFO - Saved:churn_distribution.png
2026-01-08 16:20:18,669 - INFO - Churn Distribution:
Churn
No     5174
Yes    1869
2026-01-08 16:20:18,951 - INFO - saved:telecom_partner_vs_gender.png
2026-01-08 16:20:18,968 - INFO - telecom partner vs gender:
gender           Female  Male
telecom_partner              
airtel              868   861
bsnl                892   863
jio                 867   868
vodafone            861   963
2026-01-08 16:20:19,309 - INFO - saved:senior_citizen_in_telecom_partner.png
2026-01-08 16:20:19,313 - INFO - senior citizen in telecom partner:
telecom_partner  airtel  bsnl   jio  vodafone
SeniorCitizen                                
0                  1445  1466  1467      1523
1                   284   289   268       301
2026-01-08 16:20:19,611 - INFO - saved: gender_distribution.png
2026-01-08 16:20:19,612 - INFO - Gender Distribution:
gender
Male      3555
Female    3488
2026-01-08 16:20:19,861 - INFO - saved: Gender vs Churn.png
2026-01-08 16:20:19,862 - INFO - Gender vs Churn:
gender Churn  Count
Female    No   2549
Female   Yes    939
  Male    No   2625
  Male   Yes    930
2026-01-08 16:20:20,062 - INFO - saved: Gender Breakdown for Customers with No Internet Service.png
2026-01-08 16:20:20,062 - INFO - Gender breakdown for 'No Internet Service':
gender
Female    747
Male      779
2026-01-08 16:20:20,342 - INFO - Saved: tenure_vs_churn.png
2026-01-08 16:20:20,344 - INFO - Average Tenure by Churn Status:
Churn
No     37.569965
Yes    17.979133
2026-01-08 16:20:20,586 - INFO - Saved: contract_vs_churn.png
2026-01-08 16:20:20,590 - INFO - Contract Type Churn Counts:
      Contract Churn  Count
Month-to-month    No   2220
Month-to-month   Yes   1655
      One year    No   1307
      One year   Yes    166
      Two year    No   1647
      Two year   Yes     48
2026-01-08 16:20:20,874 - INFO - Saved: Churn by Internet Service.png
2026-01-08 16:20:20,876 - INFO - Internet Service Churn Counts:
InternetService Churn  Count
            DSL    No   1962
            DSL   Yes    459
    Fiber optic    No   1799
    Fiber optic   Yes   1297
             No    No   1413
             No   Yes    113
2026-01-08 16:20:21,167 - INFO - Saved: Churn by Payment Method.png
2026-01-08 16:20:21,167 - INFO - Payment Method Churn Counts:
            PaymentMethod Churn  Count
Bank transfer (automatic)    No   1286
Bank transfer (automatic)   Yes    258
  Credit card (automatic)    No   1290
  Credit card (automatic)   Yes    232
         Electronic check    No   1294
         Electronic check   Yes   1071
             Mailed check    No   1304
             Mailed check   Yes    308
2026-01-08 16:20:21,395 - INFO - Saved: Churn by senior citizen.png
2026-01-08 16:20:21,397 - INFO - SeniorCitizen  Churn
0              No       4508
               Yes      1393
1              No        666
               Yes       476
dtype: int64
2026-01-08 16:20:21,663 - INFO - Saved: Senior Citizen Distribution by Gender.png
2026-01-08 16:20:21,663 - INFO - Senior Citizen vs Gender Breakdown:
SeniorCitizen     0    1
gender                  
Female         2920  568
Male           2981  574
